<?xml version="1.0" encoding="UTF-8"?>
<!-- Generated by org.testng.reporters.JUnitReportReporter -->
<testsuite hostname="LAPTOP-H20SSLVK" failures="0" tests="1" name="com.qa.fivepaisa.tests.BaseTest" time="0.016" errors="0" timestamp="2024-01-20T18:46:12 IST" skipped="0">
  <testcase classname="com.qa.fivepaisa.tests.BaseTest" name="login" time="0.016"/>
  <system-out/>
</testsuite> <!-- com.qa.fivepaisa.tests.BaseTest -->
